2025-02-07 20:17:20,820 - INFO - No OpenGL_accelerate module loaded: No module named 'OpenGL_accelerate'
2025-02-07 20:17:22,189 - DEBUG - Loading bitsandbytes native library from: C:\WorkSpace\git\ExamCollector\.venv\Lib\site-packages\bitsandbytes\libbitsandbytes_cuda126.dll
2025-02-07 20:17:22,534 - INFO - We will use 90% of the memory on device 0 for storing the model, and 10% for the buffer to avoid OOM. You can set `max_memory` in to a higher value to use more memory (at your own risk).
2025-02-07 20:17:32,684 - INFO - No OpenGL_accelerate module loaded: No module named 'OpenGL_accelerate'
2025-02-07 20:17:34,055 - DEBUG - Loading bitsandbytes native library from: C:\WorkSpace\git\ExamCollector\.venv\Lib\site-packages\bitsandbytes\libbitsandbytes_cuda126.dll
2025-02-07 20:17:34,389 - INFO - We will use 90% of the memory on device 0 for storing the model, and 10% for the buffer to avoid OOM. You can set `max_memory` in to a higher value to use more memory (at your own risk).
2025-02-07 20:26:16,169 - INFO - No OpenGL_accelerate module loaded: No module named 'OpenGL_accelerate'
2025-02-07 20:26:17,538 - DEBUG - Loading bitsandbytes native library from: C:\WorkSpace\git\ExamCollector\.venv\Lib\site-packages\bitsandbytes\libbitsandbytes_cuda126.dll
2025-02-07 20:26:17,901 - INFO - We will use 90% of the memory on device 0 for storing the model, and 10% for the buffer to avoid OOM. You can set `max_memory` in to a higher value to use more memory (at your own risk).
2025-02-07 20:26:42,396 - DEBUG - Word.Application -> {000209FF-0000-0000-C000-000000000046}
2025-02-07 20:26:42,396 - DEBUG - CoCreateInstance({000209FF-0000-0000-C000-000000000046}, clsctx=None, interface=None)
2025-02-07 20:26:44,363 - DEBUG - GetBestInterface(<POINTER(IUnknown) ptr=0x229a9c07238 at 229a70cb250>)
2025-02-07 20:26:44,364 - DEBUG - Does implement IProvideClassInfo
2025-02-07 20:26:44,366 - DEBUG - Default interface is {00020970-0000-0000-C000-000000000046}
2025-02-07 20:26:44,370 - DEBUG - Release <POINTER(IUnknown) ptr=0x22a53587ff8 at 229a70c6750>
2025-02-07 20:26:44,371 - DEBUG - GetModule(TLIBATTR(GUID={00020905-0000-0000-C000-000000000046}, Version=8.7, LCID=0, FLags=0x8))
2025-02-07 20:26:45,082 - DEBUG - Implements default interface from typeinfo <class 'comtypes.gen._00020905_0000_0000_C000_000000000046_0_8_7._Application'>
2025-02-07 20:26:45,083 - DEBUG - Final result is <POINTER(_Application) ptr=0x22a53587ff8 at 22a5cf956d0>
2025-02-07 20:26:45,083 - DEBUG - Release <POINTER(IProvideClassInfo) ptr=0x22a53580568 at 229a70c9850>
2025-02-07 20:26:45,083 - DEBUG - Release <POINTER(ITypeInfo) ptr=0x22a53580068 at 229a70c5cd0>
2025-02-07 20:26:45,083 - DEBUG - Release <POINTER(ITypeInfo) ptr=0x22a53580168 at 229a70c7650>
2025-02-07 20:26:45,084 - DEBUG - Release <POINTER(ITypeLib) ptr=0x22a53587df8 at 229a70c6750>
2025-02-07 20:26:45,084 - DEBUG - Release <POINTER(IUnknown) ptr=0x229a9c07238 at 229a70cb250>
2025-02-07 20:26:45,090 - DEBUG - wrap_outparam(<POINTER(Documents) ptr=0x22a535803e8 at 229a70cb250>)
2025-02-07 20:26:45,322 - DEBUG - Release <POINTER(_Document) ptr=0x22a52ebe248 at 229a70cbb50>
2025-02-07 20:26:45,323 - DEBUG - Release <POINTER(Documents) ptr=0x22a535803e8 at 229a70cb250>
2025-02-07 20:26:48,748 - DEBUG - Release <POINTER(_Application) ptr=0x22a53587ff8 at 22a5cf956d0>
2025-02-07 20:26:48,862 - DEBUG - Release <POINTER(_Document) ptr=0x22a52ebe248 at 229a70c6750>
2025-02-07 20:44:39,478 - DEBUG - Calling CoUninitialize()
2025-02-07 20:44:39,478 - DEBUG - CoUninitialize() done.
2025-02-07 20:46:46,907 - INFO - No OpenGL_accelerate module loaded: No module named 'OpenGL_accelerate'
2025-02-07 20:46:48,221 - DEBUG - Loading bitsandbytes native library from: C:\WorkSpace\git\ExamCollector\.venv\Lib\site-packages\bitsandbytes\libbitsandbytes_cuda126.dll
2025-02-07 20:46:48,559 - INFO - We will use 90% of the memory on device 0 for storing the model, and 10% for the buffer to avoid OOM. You can set `max_memory` in to a higher value to use more memory (at your own risk).
2025-02-07 21:01:11,079 - INFO - No OpenGL_accelerate module loaded: No module named 'OpenGL_accelerate'
2025-02-07 21:01:12,598 - DEBUG - Loading bitsandbytes native library from: C:\WorkSpace\git\ExamCollector\.venv\Lib\site-packages\bitsandbytes\libbitsandbytes_cuda126.dll
2025-02-07 21:01:12,957 - INFO - We will use 90% of the memory on device 0 for storing the model, and 10% for the buffer to avoid OOM. You can set `max_memory` in to a higher value to use more memory (at your own risk).
2025-02-07 21:04:48,608 - ERROR - Uncaught exception:
Traceback (most recent call last):
  File "C:\WorkSpace\git\ExamCollector\models\custom_yolo\infrastructure\computer_vision\label_model\program_gui\document.py", line 137, in start_conversion
    self.thread_pool.start(worker)
    ^^^^^^^^^^^^^^^^
AttributeError: 'DocumentConverterTab' object has no attribute 'thread_pool'

2025-02-07 21:05:39,314 - INFO - No OpenGL_accelerate module loaded: No module named 'OpenGL_accelerate'
2025-02-07 21:05:40,631 - DEBUG - Loading bitsandbytes native library from: C:\WorkSpace\git\ExamCollector\.venv\Lib\site-packages\bitsandbytes\libbitsandbytes_cuda126.dll
2025-02-07 21:05:40,984 - INFO - We will use 90% of the memory on device 0 for storing the model, and 10% for the buffer to avoid OOM. You can set `max_memory` in to a higher value to use more memory (at your own risk).
2025-02-07 21:12:57,567 - INFO - No OpenGL_accelerate module loaded: No module named 'OpenGL_accelerate'
2025-02-07 21:12:58,959 - DEBUG - Loading bitsandbytes native library from: C:\WorkSpace\git\ExamCollector\.venv\Lib\site-packages\bitsandbytes\libbitsandbytes_cuda126.dll
2025-02-07 21:12:59,317 - INFO - We will use 90% of the memory on device 0 for storing the model, and 10% for the buffer to avoid OOM. You can set `max_memory` in to a higher value to use more memory (at your own risk).
2025-02-07 21:13:38,851 - DEBUG - Word.Application -> {000209FF-0000-0000-C000-000000000046}
2025-02-07 21:13:38,852 - DEBUG - CoCreateInstance({000209FF-0000-0000-C000-000000000046}, clsctx=None, interface=None)
2025-02-07 21:13:40,787 - DEBUG - GetBestInterface(<POINTER(IUnknown) ptr=0x163aac03978 at 16360908f50>)
2025-02-07 21:13:40,789 - DEBUG - Does implement IProvideClassInfo
2025-02-07 21:13:40,792 - DEBUG - Default interface is {00020970-0000-0000-C000-000000000046}
2025-02-07 21:13:40,797 - DEBUG - Release <POINTER(IUnknown) ptr=0x163db429dd8 at 1636073f250>
2025-02-07 21:13:40,799 - DEBUG - GetModule(TLIBATTR(GUID={00020905-0000-0000-C000-000000000046}, Version=8.7, LCID=0, FLags=0x8))
2025-02-07 21:13:41,516 - DEBUG - Implements default interface from typeinfo <class 'comtypes.gen._00020905_0000_0000_C000_000000000046_0_8_7._Application'>
2025-02-07 21:13:41,516 - DEBUG - Final result is <POINTER(_Application) ptr=0x163db429dd8 at 163c1714250>
2025-02-07 21:13:41,517 - DEBUG - Release <POINTER(IProvideClassInfo) ptr=0x163dc029788 at 16360908450>
2025-02-07 21:13:41,517 - DEBUG - Release <POINTER(ITypeInfo) ptr=0x163dc029e88 at 16360908d50>
2025-02-07 21:13:41,518 - DEBUG - Release <POINTER(ITypeInfo) ptr=0x163dbf70f98 at 1636090ae50>
2025-02-07 21:13:41,518 - DEBUG - Release <POINTER(ITypeLib) ptr=0x163db429658 at 1636073f250>
2025-02-07 21:13:41,518 - DEBUG - Release <POINTER(IUnknown) ptr=0x163aac03978 at 16360908f50>
2025-02-07 21:13:41,523 - DEBUG - wrap_outparam(<POINTER(Documents) ptr=0x163dbbb8448 at 1636073d350>)
2025-02-07 21:13:41,975 - DEBUG - Release <POINTER(_Document) ptr=0x163db254578 at 1636073d3d0>
2025-02-07 21:13:41,976 - DEBUG - Release <POINTER(Documents) ptr=0x163dbbb8448 at 1636073d350>
2025-02-07 21:13:47,099 - DEBUG - Release <POINTER(_Application) ptr=0x163db429dd8 at 163c1714250>
2025-02-07 21:13:47,213 - DEBUG - Release <POINTER(_Document) ptr=0x163db254578 at 16360908ed0>
2025-02-07 21:22:25,333 - INFO - No OpenGL_accelerate module loaded: No module named 'OpenGL_accelerate'
2025-02-07 21:22:26,792 - DEBUG - Loading bitsandbytes native library from: C:\WorkSpace\git\ExamCollector\.venv\Lib\site-packages\bitsandbytes\libbitsandbytes_cuda126.dll
2025-02-07 21:22:27,188 - INFO - We will use 90% of the memory on device 0 for storing the model, and 10% for the buffer to avoid OOM. You can set `max_memory` in to a higher value to use more memory (at your own risk).
2025-02-07 21:26:13,815 - INFO - No OpenGL_accelerate module loaded: No module named 'OpenGL_accelerate'
2025-02-07 21:26:15,185 - DEBUG - Loading bitsandbytes native library from: C:\WorkSpace\git\ExamCollector\.venv\Lib\site-packages\bitsandbytes\libbitsandbytes_cuda126.dll
2025-02-07 21:26:15,541 - INFO - We will use 90% of the memory on device 0 for storing the model, and 10% for the buffer to avoid OOM. You can set `max_memory` in to a higher value to use more memory (at your own risk).
2025-02-07 21:28:12,726 - INFO - No OpenGL_accelerate module loaded: No module named 'OpenGL_accelerate'
2025-02-07 21:28:14,037 - DEBUG - Loading bitsandbytes native library from: C:\WorkSpace\git\ExamCollector\.venv\Lib\site-packages\bitsandbytes\libbitsandbytes_cuda126.dll
2025-02-07 21:28:14,399 - INFO - We will use 90% of the memory on device 0 for storing the model, and 10% for the buffer to avoid OOM. You can set `max_memory` in to a higher value to use more memory (at your own risk).
2025-02-07 21:45:35,888 - INFO - No OpenGL_accelerate module loaded: No module named 'OpenGL_accelerate'
2025-02-07 21:45:37,188 - DEBUG - Loading bitsandbytes native library from: C:\WorkSpace\git\ExamCollector\.venv\Lib\site-packages\bitsandbytes\libbitsandbytes_cuda126.dll
2025-02-07 21:45:37,541 - INFO - We will use 90% of the memory on device 0 for storing the model, and 10% for the buffer to avoid OOM. You can set `max_memory` in to a higher value to use more memory (at your own risk).
2025-02-07 22:19:30,964 - INFO - No OpenGL_accelerate module loaded: No module named 'OpenGL_accelerate'
2025-02-07 22:19:31,120 - DEBUG - Calling CoUninitialize()
2025-02-07 22:19:31,120 - DEBUG - CoUninitialize() done.
